
---- Votes and Modules ----
default: |NEUTRAL|
onedamage: |default|MASK|
one: |default|MASK|
SHOW -shown(2)
NEUTRAL -shown(0)
oneid: |default|MASK|
MASK -hidden(1)
--------   Rules   --------
hide: |MASK|MASK|default|MASK|MASK|default|default|default|default|
keep-one: |one|one|default|one|one|default|default|default|default|
keep-oned: |onedamage|onedamage|default|onedamage|onedamage|default|default|default|default|
keep: |default|default|MASK|default|default|MASK|MASK|MASK|MASK|
keep-onei: |oneid|oneid|default|oneid|oneid|default|default|default|default|
show: |SHOW|SHOW|default|SHOW|SHOW|default|default|default|default|
----------------------------------------------------
3336 items registered
18 filters loaded
224 items matched in 522 ms
----------------------------------------------------

- BiblioCraft :
	+ BiblioClipboard:                          	hide:[]
	+ BookcaseFilled:                           	hide:[]
	+ item.AtlasPlate:                          	hide:[]
	+ item.BiblioCreativeLock:                  	hide:[]
	+ item.DeathCompass:                        	hide:[]
	+ item.EnchantedPlate:                      	hide:[]
	+ item.PrintPlate:                          	hide:[]
	+ item.RecipeBook:                          	hide:[]
- BiomesOPlenty :
	+ stoneDoubleSlab:                          	hide:[]
	+ woodenDoubleSlab1:                        	hide:[]
	+ woodenDoubleSlab2:                        	hide:[]
- Botania :
	+ altar:                                    	keep:[0]
	+ biomeStoneA0SlabFull:                     	hide:[]
	+ biomeStoneA10SlabFull:                    	hide:[]
	+ biomeStoneA11SlabFull:                    	hide:[]
	+ biomeStoneA12SlabFull:                    	hide:[]
	+ biomeStoneA13SlabFull:                    	hide:[]
	+ biomeStoneA14SlabFull:                    	hide:[]
	+ biomeStoneA15SlabFull:                    	hide:[]
	+ biomeStoneA1SlabFull:                     	hide:[]
	+ biomeStoneA2SlabFull:                     	hide:[]
	+ biomeStoneA3SlabFull:                     	hide:[]
	+ biomeStoneA4SlabFull:                     	hide:[]
	+ biomeStoneA5SlabFull:                     	hide:[]
	+ biomeStoneA6SlabFull:                     	hide:[]
	+ biomeStoneA7SlabFull:                     	hide:[]
	+ biomeStoneA8SlabFull:                     	hide:[]
	+ biomeStoneA9SlabFull:                     	hide:[]
	+ biomeStoneB0SlabFull:                     	hide:[]
	+ biomeStoneB1SlabFull:                     	hide:[]
	+ biomeStoneB2SlabFull:                     	hide:[]
	+ biomeStoneB3SlabFull:                     	hide:[]
	+ biomeStoneB4SlabFull:                     	hide:[]
	+ biomeStoneB5SlabFull:                     	hide:[]
	+ biomeStoneB6SlabFull:                     	hide:[]
	+ biomeStoneB7SlabFull:                     	hide:[]
	+ buriedPetals:                             	hide:[]
	+ customBrick:                              	keep:[0, 1, 2, 3, 4]
	+ customBrick0SlabFull:                     	hide:[]
	+ customBrick1SlabFull:                     	hide:[]
	+ customBrick2SlabFull:                     	hide:[]
	+ customBrick3SlabFull:                     	hide:[]
	+ dirtPath0SlabFull:                        	hide:[]
	+ dreamwood0SlabFull:                       	hide:[]
	+ dreamwood1SlabFull:                       	hide:[]
	+ endStoneBrick:                            	hide:[]
	+ endStoneBrick0Slab:                       	hide:[]
	+ endStoneBrick0SlabFull:                   	hide:[]
	+ endStoneBrick0Stairs:                     	hide:[]
	+ endStoneBrick2Slab:                       	hide:[]
	+ endStoneBrick2SlabFull:                   	hide:[]
	+ endStoneBrick2Stairs:                     	hide:[]
	+ fakeAir:                                  	hide:[]
	+ flightTiara:                              	keep:[0]
	+ gaiaHeadBlock:                            	hide:[]
	+ livingrock0SlabFull:                      	hide:[]
	+ livingrock1SlabFull:                      	hide:[]
	+ livingwood0SlabFull:                      	hide:[]
	+ livingwood1SlabFull:                      	hide:[]
	+ manaBeacon:                               	keep:[0]
	+ manaFlame:                                	hide:[]
	+ pavement0SlabFull:                        	hide:[]
	+ pavement1SlabFull:                        	hide:[]
	+ pavement2SlabFull:                        	hide:[]
	+ pavement3SlabFull:                        	hide:[]
	+ pavement4SlabFull:                        	hide:[]
	+ pavement5SlabFull:                        	hide:[]
	+ prismarine0SlabFull:                      	hide:[]
	+ prismarine1SlabFull:                      	hide:[]
	+ prismarine2SlabFull:                      	hide:[]
	+ quartz:                                   	hide:[0]	hide:[]
	+ quartzSlabBlazeFull:                      	hide:[]
	+ quartzSlabBlazeHalf:                      	hide:[]
	+ quartzSlabDarkFull:                       	hide:[]
	+ quartzSlabDarkHalf:                       	hide:[]
	+ quartzSlabElfFull:                        	hide:[]
	+ quartzSlabElfHalf:                        	hide:[]
	+ quartzSlabLavenderFull:                   	hide:[]
	+ quartzSlabLavenderHalf:                   	hide:[]
	+ quartzSlabManaFull:                       	hide:[]
	+ quartzSlabManaHalf:                       	hide:[]
	+ quartzSlabRedFull:                        	hide:[]
	+ quartzSlabRedHalf:                        	hide:[]
	+ quartzSlabSunnyFull:                      	hide:[]
	+ quartzSlabSunnyHalf:                      	hide:[]
	+ quartzStairsBlaze:                        	hide:[]
	+ quartzStairsDark:                         	hide:[]
	+ quartzStairsElf:                          	hide:[]
	+ quartzStairsLavender:                     	hide:[]
	+ quartzStairsMana:                         	hide:[]
	+ quartzStairsRed:                          	hide:[]
	+ quartzStairsSunny:                        	hide:[]
	+ quartzTypeBlaze:                          	hide:[]
	+ quartzTypeDark:                           	hide:[]
	+ quartzTypeElf:                            	hide:[]
	+ quartzTypeLavender:                       	hide:[]
	+ quartzTypeMana:                           	hide:[]
	+ quartzTypeRed:                            	hide:[]
	+ quartzTypeSunny:                          	hide:[]
	+ reedBlock0SlabFull:                       	hide:[]
	+ shimmerrock0SlabFull:                     	hide:[]
	+ shimmerwoodPlanks0SlabFull:               	hide:[]
	+ solidVine:                                	hide:[]
	+ stone:                                    	hide:[]
	+ stone0Slab:                               	hide:[]
	+ stone0SlabFull:                           	hide:[]
	+ stone0Stairs:                             	hide:[]
	+ stone0Wall:                               	hide:[]
	+ stone10Slab:                              	hide:[]
	+ stone10SlabFull:                          	hide:[]
	+ stone10Stairs:                            	hide:[]
	+ stone11Slab:                              	hide:[]
	+ stone11SlabFull:                          	hide:[]
	+ stone11Stairs:                            	hide:[]
	+ stone1Slab:                               	hide:[]
	+ stone1SlabFull:                           	hide:[]
	+ stone1Stairs:                             	hide:[]
	+ stone2Slab:                               	hide:[]
	+ stone2SlabFull:                           	hide:[]
	+ stone2Stairs:                             	hide:[]
	+ stone3Slab:                               	hide:[]
	+ stone3SlabFull:                           	hide:[]
	+ stone3Stairs:                             	hide:[]
	+ stone8Slab:                               	hide:[]
	+ stone8SlabFull:                           	hide:[]
	+ stone8Stairs:                             	hide:[]
	+ stone9Slab:                               	hide:[]
	+ stone9SlabFull:                           	hide:[]
	+ stone9Stairs:                             	hide:[]
	+ thatch0SlabFull:                          	hide:[]
	+ unstableBlock:                            	keep:[0]
- chisel :
	+ aluminum_stairs.0:                        	hide:[]
	+ aluminum_stairs.1:                        	hide:[]
	+ aluminum_stairs.2:                        	hide:[]
	+ ice_stairs.0:                             	hide:[]
	+ ice_stairs.1:                             	hide:[]
	+ ice_stairs.2:                             	hide:[]
	+ ice_stairs.3:                             	hide:[]
	+ ice_stairs.4:                             	hide:[]
	+ ice_stairs.5:                             	hide:[]
	+ ice_stairs.6:                             	hide:[]
	+ ice_stairs.7:                             	hide:[]
	+ limestone_stairs.0:                       	hide:[]
	+ limestone_stairs.1:                       	hide:[]
	+ limestone_stairs.2:                       	hide:[]
	+ limestone_stairs.3:                       	hide:[]
	+ limestone_stairs.4:                       	hide:[]
	+ limestone_stairs.5:                       	hide:[]
	+ limestone_stairs.6:                       	hide:[]
	+ limestone_stairs.7:                       	hide:[]
	+ marble_stairs.0:                          	hide:[]
	+ marble_stairs.1:                          	hide:[]
	+ marble_stairs.2:                          	hide:[]
	+ marble_stairs.3:                          	hide:[]
	+ marble_stairs.4:                          	hide:[]
	+ marble_stairs.5:                          	hide:[]
	+ marble_stairs.6:                          	hide:[]
	+ marble_stairs.7:                          	hide:[]
	+ packedice_stairs.0:                       	hide:[]
	+ packedice_stairs.1:                       	hide:[]
	+ packedice_stairs.2:                       	hide:[]
	+ packedice_stairs.3:                       	hide:[]
	+ packedice_stairs.4:                       	hide:[]
	+ packedice_stairs.5:                       	hide:[]
	+ packedice_stairs.6:                       	hide:[]
	+ packedice_stairs.7:                       	hide:[]
- etfuturum :
	+ double_bamboo_mosaic_slab:                	hide:[]
	+ double_cut_copper_slab:                   	hide:[]
	+ double_deepslate_brick_slab:              	hide:[]
	+ double_deepslate_slab:                    	hide:[]
	+ double_end_brick_slab:                    	hide:[]
	+ double_mud_brick_slab:                    	hide:[]
	+ double_purpur_slab:                       	hide:[]
	+ double_red_netherbrick_slab:              	hide:[]
	+ double_red_sandstone_slab:                	hide:[]
	+ double_stone_slab:                        	hide:[]
	+ double_tuff_slab:                         	hide:[]
	+ double_wood_slab:                         	hide:[]
- minecraft :
	+ mob_spawner:                              	keep:[0]
- netherlicious :
	+ BasaltDoubleSlab:                         	hide:[]
	+ BlackstoneDoubleSlab:                     	hide:[]
	+ BrickDoubleSlab:                          	hide:[]
	+ BrickDoubleSlab2:                         	hide:[]
	+ doorcrimson:                              	hide:[]
	+ doorfoxfire:                              	hide:[]
	+ doorwarped:                               	hide:[]
	+ netherlicious.crimsonSignStanding:        	hide:[]
	+ netherlicious.crimsonSignWall:            	hide:[]
	+ netherlicious.foxfireSignStanding:        	hide:[]
	+ netherlicious.foxfireSignWall:            	hide:[]
	+ netherlicious.warpedSignStanding:         	hide:[]
	+ netherlicious.warpedSignWall:             	hide:[]
	+ Nugget:                                   	hide:[0]
	+ PlankDoubleSlab:                          	hide:[]
	+ QuartzDoubleSlab:                         	hide:[]
	+ SoulSandstoneDoubleSlab:                  	hide:[]
- Thaumcraft :
	+ blockAlchemyFurnace:                      	hide:[]
	+ blockArcaneDoor:                          	hide:[]
	+ blockArcaneFurnace:                       	hide:[]
	+ blockCosmeticDoubleSlabStone:             	hide:[]
	+ blockCosmeticDoubleSlabWood:              	hide:[]
	+ blockEldritchNothing:                     	hide:[]
	+ blockHole:                                	hide:[]
	+ blockMagicBox:                            	hide:[]
	+ blockManaPod:                             	hide:[]
	+ blockPortalEldritch:                      	hide:[]
	+ blockWarded:                              	hide:[]
- ThaumicTinkerer :
	+ darkQuartzSlabFull:                       	hide:[]
	+ forcefield:                               	hide:[]
	+ gaseousLight:                             	hide:[]
	+ gaseousShadow:                            	hide:[]
	+ nitorGas:                                 	hide:[]
	+ travelSlabFull:                           	hide:[]
	+ wardSlabFull:                             	hide:[]
- VillageNames :
	+ prismarine:                               	hide:[]
	+ prismarine_crystals:                      	hide:[]
	+ prismarine_shard:                         	hide:[]
	+ sea_lantern:                              	hide:[]
- witchery :
	+ coffinblock:                              	hide:[]
	+ icedoubleslab:                            	hide:[]
	+ snowdoubleslab:                           	hide:[]
	+ spiritportal:                             	hide:[]
	+ tormentportal:                            	hide:[]
	+ witchwooddoubleslab:                      	hide:[]